# JRE version: OpenJDK Runtime Environment (21.0.6) (build 21.0.6+-13368085-b895.109)
# Java VM: OpenJDK 64-Bit Server VM (21.0.6+-13368085-b895.109, mixed mode, tiered, compressed oops, compressed class ptrs, g1 gc, windows-amd64)
GC Precious Log:
 CardTable entry size: 512
 Card Set container configuration: InlinePtr #cards 5 size 8 Array Of Cards #cards 12 size 40 Howl #buckets 4 coarsen threshold 1843 Howl Bitmap #cards 512 size 80 coarsen threshold 460 Card regions per heap region 1 cards per card region 2048
 CPUs: 8 total, 8 available
 Memory: 16242M
 Large Page Support: Disabled
 NUMA Support: Disabled
 Compressed Oops: Enabled (32-bit)
 Heap Region Size: 1M
 Heap Min Capacity: 8M
 Heap Initial Capacity: 254M
 Heap Max Capacity: 2G
 Pre-touch: Disabled
 Parallel Workers: 8
 Concurrent Workers: 2
 Concurrent Refinement Workers: 8
 Periodic GC: Disabled
Heap:
 garbage-first heap   total 321536K, used 274951K [0x0000000080000000, 0x0000000100000000)
  region size 1024K, 92 young (94208K), 16 survivors (16384K)
 Metaspace       used 158797K, committed 160192K, reserved 1245184K
  class space    used 20898K, committed 21568K, reserved 1048576K
GC Heap History (20 events):
Event: 3883.972 GC heap before
{Heap before GC invocations=75 (full 0):
 garbage-first heap   total 281600K, used 231743K [0x0000000080000000, 0x0000000100000000)
  region size 1024K, 71 young (72704K), 8 survivors (8192K)
 Metaspace       used 155981K, committed 157312K, reserved 1245184K
  class space    used 20861K, committed 21504K, reserved 1048576K
}
Event: 3883.988 GC heap after
{Heap after GC invocations=76 (full 0):
 garbage-first heap   total 281600K, used 168279K [0x0000000080000000, 0x0000000100000000)
  region size 1024K, 9 young (9216K), 9 survivors (9216K)
 Metaspace       used 155981K, committed 157312K, reserved 1245184K
  class space    used 20861K, committed 21504K, reserved 1048576K
}
Event: 3884.586 GC heap before
{Heap before GC invocations=76 (full 0):
 garbage-first heap   total 281600K, used 223575K [0x0000000080000000, 0x0000000100000000)
  region size 1024K, 64 young (65536K), 9 survivors (9216K)
 Metaspace       used 156334K, committed 157696K, reserved 1245184K
  class space    used 20865K, committed 21504K, reserved 1048576K
}
Event: 3884.593 GC heap after
{Heap after GC invocations=77 (full 0):
 garbage-first heap   total 281600K, used 167104K [0x0000000080000000, 0x0000000100000000)
  region size 1024K, 6 young (6144K), 6 survivors (6144K)
 Metaspace       used 156334K, committed 157696K, reserved 1245184K
  class space    used 20865K, committed 21504K, reserved 1048576K
}
Event: 3884.915 GC heap before
{Heap before GC invocations=78 (full 0):
 garbage-first heap   total 281600K, used 222400K [0x0000000080000000, 0x0000000100000000)
  region size 1024K, 72 young (73728K), 6 survivors (6144K)
 Metaspace       used 156688K, committed 158016K, reserved 1245184K
  class space    used 20873K, committed 21504K, reserved 1048576K
}
Event: 3884.925 GC heap after
{Heap after GC invocations=79 (full 0):
 garbage-first heap   total 281600K, used 164152K [0x0000000080000000, 0x0000000100000000)
  region size 1024K, 9 young (9216K), 9 survivors (9216K)
 Metaspace       used 156688K, committed 158016K, reserved 1245184K
  class space    used 20873K, committed 21504K, reserved 1048576K
}
Event: 3885.313 GC heap before
{Heap before GC invocations=79 (full 0):
 garbage-first heap   total 281600K, used 235832K [0x0000000080000000, 0x0000000100000000)
  region size 1024K, 79 young (80896K), 9 survivors (9216K)
 Metaspace       used 156902K, committed 158336K, reserved 1245184K
  class space    used 20879K, committed 21568K, reserved 1048576K
}
Event: 3885.322 GC heap after
{Heap after GC invocations=80 (full 0):
 garbage-first heap   total 281600K, used 140475K [0x0000000080000000, 0x0000000100000000)
  region size 1024K, 5 young (5120K), 5 survivors (5120K)
 Metaspace       used 156902K, committed 158336K, reserved 1245184K
  class space    used 20879K, committed 21568K, reserved 1048576K
}
Event: 4430.576 GC heap before
{Heap before GC invocations=80 (full 0):
 garbage-first heap   total 281600K, used 274619K [0x0000000080000000, 0x0000000100000000)
  region size 1024K, 93 young (95232K), 5 survivors (5120K)
 Metaspace       used 157085K, committed 158464K, reserved 1245184K
  class space    used 20883K, committed 21568K, reserved 1048576K
}
Event: 4430.590 GC heap after
{Heap after GC invocations=81 (full 0):
 garbage-first heap   total 293888K, used 133353K [0x0000000080000000, 0x0000000100000000)
  region size 1024K, 4 young (4096K), 4 survivors (4096K)
 Metaspace       used 157085K, committed 158464K, reserved 1245184K
  class space    used 20883K, committed 21568K, reserved 1048576K
}
Event: 4431.002 GC heap before
{Heap before GC invocations=81 (full 0):
 garbage-first heap   total 293888K, used 173289K [0x0000000080000000, 0x0000000100000000)
  region size 1024K, 44 young (45056K), 4 survivors (4096K)
 Metaspace       used 157206K, committed 158592K, reserved 1245184K
  class space    used 20885K, committed 21568K, reserved 1048576K
}
Event: 4431.011 GC heap after
{Heap after GC invocations=82 (full 0):
 garbage-first heap   total 293888K, used 139636K [0x0000000080000000, 0x0000000100000000)
  region size 1024K, 10 young (10240K), 10 survivors (10240K)
 Metaspace       used 157206K, committed 158592K, reserved 1245184K
  class space    used 20885K, committed 21568K, reserved 1048576K
}
Event: 4725.488 GC heap before
{Heap before GC invocations=83 (full 0):
 garbage-first heap   total 295936K, used 294260K [0x0000000080000000, 0x0000000100000000)
  region size 1024K, 113 young (115712K), 10 survivors (10240K)
 Metaspace       used 157408K, committed 158784K, reserved 1245184K
  class space    used 20885K, committed 21568K, reserved 1048576K
}
Event: 4725.492 GC heap after
{Heap after GC invocations=84 (full 0):
 garbage-first heap   total 300032K, used 135232K [0x0000000080000000, 0x0000000100000000)
  region size 1024K, 3 young (3072K), 3 survivors (3072K)
 Metaspace       used 157408K, committed 158784K, reserved 1245184K
  class space    used 20885K, committed 21568K, reserved 1048576K
}
Event: 5148.257 GC heap before
{Heap before GC invocations=84 (full 0):
 garbage-first heap   total 300032K, used 268352K [0x0000000080000000, 0x0000000100000000)
  region size 1024K, 128 young (131072K), 3 survivors (3072K)
 Metaspace       used 157907K, committed 159232K, reserved 1245184K
  class space    used 20909K, committed 21568K, reserved 1048576K
}
Event: 5148.277 GC heap after
{Heap after GC invocations=85 (full 0):
 garbage-first heap   total 300032K, used 137979K [0x0000000080000000, 0x0000000100000000)
  region size 1024K, 16 young (16384K), 16 survivors (16384K)
 Metaspace       used 157907K, committed 159232K, reserved 1245184K
  class space    used 20909K, committed 21568K, reserved 1048576K
}
Event: 5149.114 GC heap before
{Heap before GC invocations=85 (full 0):
 garbage-first heap   total 300032K, used 232187K [0x0000000080000000, 0x0000000100000000)
  region size 1024K, 110 young (112640K), 16 survivors (16384K)
 Metaspace       used 158179K, committed 159552K, reserved 1245184K
  class space    used 20910K, committed 21568K, reserved 1048576K
}
Event: 5149.129 GC heap after
{Heap after GC invocations=86 (full 0):
 garbage-first heap   total 300032K, used 136789K [0x0000000080000000, 0x0000000100000000)
  region size 1024K, 5 young (5120K), 5 survivors (5120K)
 Metaspace       used 158179K, committed 159552K, reserved 1245184K
  class space    used 20910K, committed 21568K, reserved 1048576K
}
Event: 5495.958 GC heap before
{Heap before GC invocations=87 (full 0):
 garbage-first heap   total 302080K, used 300629K [0x0000000080000000, 0x0000000100000000)
  region size 1024K, 117 young (119808K), 5 survivors (5120K)
 Metaspace       used 158528K, committed 159808K, reserved 1245184K
  class space    used 20898K, committed 21568K, reserved 1048576K
}
Event: 5495.972 GC heap after
{Heap after GC invocations=88 (full 0):
 garbage-first heap   total 321536K, used 155143K [0x0000000080000000, 0x0000000100000000)
  region size 1024K, 16 young (16384K), 16 survivors (16384K)
 Metaspace       used 158528K, committed 159808K, reserved 1245184K
  class space    used 20898K, committed 21568K, reserved 1048576K
}

